<?xml version="1.0" encoding="UTF-8"?>
<!-- Generated by org.testng.reporters.JUnitXMLReporter -->
<testsuite ignored="0" hostname="DESKTOP-HTHUA0V" failures="1" tests="10" name="Test" time="313.179" errors="0" timestamp="2022-11-11T10:07:32 IST">
  <testcase classname="com.bookonelocal.tests.bookingManagement.LoginToBookOneLocal" name="loginToBookOneLocal" time="16.34"/>
  <testcase classname="com.bookonelocal.tests.bookingManagement.ClickOnTheHeaderButtonsOfBookingManagementPage" name="clickOnTheBookPropertyButton_UnderBookingManagementPage" time="25.271"/>
  <testcase classname="com.bookonelocal.tests.bookingManagement.ClickOnTheHeaderButtonsOfBookingManagementPage" name="clickOnTheBook_A_Room_Button_UnderBookingManagementPage" time="24.17"/>
  <testcase classname="com.bookonelocal.tests.bookingManagement.ClickOnTheHeaderButtonsOfBookingManagementPage" name="clickOnThe_BookMultipleRoom_Button_UnderBookingManagementPage" time="28.88"/>
  <testcase classname="com.bookonelocal.tests.bookingManagement.ClickOnTheHeaderButtonsOfBookingManagementPage" name="clickOnThe_RoomEnquiry_Button_UnderBookingManagementPage" time="29.857"/>
  <testcase classname="com.bookonelocal.tests.bookingManagement.Create_A_Booking" name="createSimpleBooking" time="45.981"/>
  <testcase classname="com.bookonelocal.tests.bookingManagement.ClickOnTheBookingManagementModule" name="clickOnTheBookingManagementModule" time="19.268">
    <skipped/>
  </testcase> <!-- clickOnTheBookingManagementModule -->
  <testcase classname="com.bookonelocal.tests.bookingManagement.ClickOnTheBookingManagementModule" name="clickOnTheBookingManagementModule" time="28.892">
    <failure type="java.lang.NullPointerException">
      <![CDATA[java.lang.NullPointerException
at org.openqa.selenium.support.ui.ExpectedConditions.elementIfVisible(ExpectedConditions.java:307)
at org.openqa.selenium.support.ui.ExpectedConditions.access$000(ExpectedConditions.java:40)
at org.openqa.selenium.support.ui.ExpectedConditions$10.apply(ExpectedConditions.java:293)
at org.openqa.selenium.support.ui.ExpectedConditions$10.apply(ExpectedConditions.java:290)
at org.openqa.selenium.support.ui.FluentWait.until(FluentWait.java:208)
at com.bookonelocal.abstractComponents.AbstractComponents.waitForWebEelementToAppear(AbstractComponents.java:47)
at com.bookonelocal.abstractComponents.AbstractComponents.clickOnWebElementUsingJavascript(AbstractComponents.java:92)
at com.bookonelocal.pageObjects.BookOneLocal_AdminDashBoard.clickOnModule(BookOneLocal_AdminDashBoard.java:59)
at com.bookonelocal.tests.bookingManagement.ClickOnTheBookingManagementModule.clickOnTheBookingManagementModule(ClickOnTheBookingManagementModule.java:22)
at java.base/java.util.ArrayList.forEach(ArrayList.java:1541)
... Removed 31 stack frames]]>
    </failure>
  </testcase> <!-- clickOnTheBookingManagementModule -->
  <testcase classname="com.bookonelocal.tests.bookingManagement.Click_On_The_NewBookingButton" name="clickOnTheNewBookingButton" time="24.069">
    <skipped/>
  </testcase> <!-- clickOnTheNewBookingButton -->
  <testcase classname="com.bookonelocal.tests.bookingManagement.Click_On_The_NewBookingButton" name="clickOnTheNewBookingButton" time="23.91"/>
</testsuite> <!-- Test -->
