<?xml version="1.0" encoding="UTF-8"?>
<testng-results retried="2" ignored="0" total="10" passed="7" failed="1" skipped="0">
  <reporter-output>
  </reporter-output>
  <suite started-at="2022-11-11T10:02:18 IST" name="Suite" finished-at="2022-11-11T10:07:32 IST" duration-ms="313179">
    <groups>
    </groups>
    <test started-at="2022-11-11T10:02:18 IST" name="Test" finished-at="2022-11-11T10:07:32 IST" duration-ms="313179">
      <class name="com.bookonelocal.tests.bookingManagement.ClickOnTheHeaderButtonsOfBookingManagementPage">
        <test-method is-config="true" signature="initializeDriver()[pri:0, instance:com.bookonelocal.tests.bookingManagement.ClickOnTheHeaderButtonsOfBookingManagementPage@68d279ec]" started-at="2022-11-11T10:02:43 IST" name="initializeDriver" finished-at="2022-11-11T10:02:49 IST" duration-ms="6593" status="PASS">
          <reporter-output>
          </reporter-output>
        </test-method> <!-- initializeDriver -->
        <test-method signature="clickOnTheBookPropertyButton_UnderBookingManagementPage()[pri:0, instance:com.bookonelocal.tests.bookingManagement.ClickOnTheHeaderButtonsOfBookingManagementPage@68d279ec]" started-at="2022-11-11T10:02:49 IST" name="clickOnTheBookPropertyButton_UnderBookingManagementPage" finished-at="2022-11-11T10:03:15 IST" duration-ms="25271" status="PASS">
          <reporter-output>
          </reporter-output>
        </test-method> <!-- clickOnTheBookPropertyButton_UnderBookingManagementPage -->
        <test-method is-config="true" signature="initializeDriver()[pri:0, instance:com.bookonelocal.tests.bookingManagement.ClickOnTheHeaderButtonsOfBookingManagementPage@68d279ec]" started-at="2022-11-11T10:03:15 IST" name="initializeDriver" finished-at="2022-11-11T10:03:18 IST" duration-ms="3005" status="PASS">
          <reporter-output>
          </reporter-output>
        </test-method> <!-- initializeDriver -->
        <test-method signature="clickOnTheBook_A_Room_Button_UnderBookingManagementPage()[pri:0, instance:com.bookonelocal.tests.bookingManagement.ClickOnTheHeaderButtonsOfBookingManagementPage@68d279ec]" started-at="2022-11-11T10:03:18 IST" name="clickOnTheBook_A_Room_Button_UnderBookingManagementPage" finished-at="2022-11-11T10:03:42 IST" duration-ms="24170" status="PASS">
          <reporter-output>
          </reporter-output>
        </test-method> <!-- clickOnTheBook_A_Room_Button_UnderBookingManagementPage -->
        <test-method is-config="true" signature="initializeDriver()[pri:0, instance:com.bookonelocal.tests.bookingManagement.ClickOnTheHeaderButtonsOfBookingManagementPage@68d279ec]" started-at="2022-11-11T10:03:42 IST" name="initializeDriver" finished-at="2022-11-11T10:03:45 IST" duration-ms="3655" status="PASS">
          <reporter-output>
          </reporter-output>
        </test-method> <!-- initializeDriver -->
        <test-method signature="clickOnThe_BookMultipleRoom_Button_UnderBookingManagementPage()[pri:0, instance:com.bookonelocal.tests.bookingManagement.ClickOnTheHeaderButtonsOfBookingManagementPage@68d279ec]" started-at="2022-11-11T10:03:45 IST" name="clickOnThe_BookMultipleRoom_Button_UnderBookingManagementPage" finished-at="2022-11-11T10:04:14 IST" duration-ms="28880" status="PASS">
          <reporter-output>
          </reporter-output>
        </test-method> <!-- clickOnThe_BookMultipleRoom_Button_UnderBookingManagementPage -->
        <test-method is-config="true" signature="initializeDriver()[pri:0, instance:com.bookonelocal.tests.bookingManagement.ClickOnTheHeaderButtonsOfBookingManagementPage@68d279ec]" started-at="2022-11-11T10:04:14 IST" name="initializeDriver" finished-at="2022-11-11T10:04:19 IST" duration-ms="4446" status="PASS">
          <reporter-output>
          </reporter-output>
        </test-method> <!-- initializeDriver -->
        <test-method signature="clickOnThe_RoomEnquiry_Button_UnderBookingManagementPage()[pri:0, instance:com.bookonelocal.tests.bookingManagement.ClickOnTheHeaderButtonsOfBookingManagementPage@68d279ec]" started-at="2022-11-11T10:04:19 IST" name="clickOnThe_RoomEnquiry_Button_UnderBookingManagementPage" finished-at="2022-11-11T10:04:49 IST" duration-ms="29857" status="PASS">
          <reporter-output>
          </reporter-output>
        </test-method> <!-- clickOnThe_RoomEnquiry_Button_UnderBookingManagementPage -->
      </class> <!-- com.bookonelocal.tests.bookingManagement.ClickOnTheHeaderButtonsOfBookingManagementPage -->
      <class name="com.bookonelocal.tests.bookingManagement.LoginToBookOneLocal">
        <test-method is-config="true" signature="initializeDriver()[pri:0, instance:com.bookonelocal.tests.bookingManagement.LoginToBookOneLocal@48d61b48]" started-at="2022-11-11T10:02:18 IST" name="initializeDriver" finished-at="2022-11-11T10:02:26 IST" duration-ms="7955" status="PASS">
          <reporter-output>
          </reporter-output>
        </test-method> <!-- initializeDriver -->
        <test-method signature="loginToBookOneLocal()[pri:0, instance:com.bookonelocal.tests.bookingManagement.LoginToBookOneLocal@48d61b48]" started-at="2022-11-11T10:02:26 IST" name="loginToBookOneLocal" finished-at="2022-11-11T10:02:43 IST" duration-ms="16340" status="PASS">
          <reporter-output>
          </reporter-output>
        </test-method> <!-- loginToBookOneLocal -->
      </class> <!-- com.bookonelocal.tests.bookingManagement.LoginToBookOneLocal -->
      <class name="com.bookonelocal.tests.bookingManagement.ClickOnTheBookingManagementModule">
        <test-method is-config="true" signature="initializeDriver()[pri:0, instance:com.bookonelocal.tests.bookingManagement.ClickOnTheBookingManagementModule@14f9390f]" started-at="2022-11-11T10:05:41 IST" name="initializeDriver" finished-at="2022-11-11T10:05:44 IST" duration-ms="3299" status="PASS">
          <reporter-output>
          </reporter-output>
        </test-method> <!-- initializeDriver -->
        <test-method retried="true" signature="clickOnTheBookingManagementModule()[pri:0, instance:com.bookonelocal.tests.bookingManagement.ClickOnTheBookingManagementModule@14f9390f]" started-at="2022-11-11T10:05:44 IST" name="clickOnTheBookingManagementModule" finished-at="2022-11-11T10:06:03 IST" duration-ms="19268" status="SKIP">
          <exception class="java.lang.NullPointerException">
            <full-stacktrace>
              <![CDATA[java.lang.NullPointerException
at org.openqa.selenium.support.ui.ExpectedConditions.elementIfVisible(ExpectedConditions.java:307)
at org.openqa.selenium.support.ui.ExpectedConditions.access$000(ExpectedConditions.java:40)
at org.openqa.selenium.support.ui.ExpectedConditions$10.apply(ExpectedConditions.java:293)
at org.openqa.selenium.support.ui.ExpectedConditions$10.apply(ExpectedConditions.java:290)
at org.openqa.selenium.support.ui.FluentWait.until(FluentWait.java:208)
at com.bookonelocal.abstractComponents.AbstractComponents.waitForWebEelementToAppear(AbstractComponents.java:47)
at com.bookonelocal.abstractComponents.AbstractComponents.clickOnWebElementUsingJavascript(AbstractComponents.java:92)
at com.bookonelocal.pageObjects.BookOneLocal_AdminDashBoard.clickOnModule(BookOneLocal_AdminDashBoard.java:59)
at com.bookonelocal.tests.bookingManagement.ClickOnTheBookingManagementModule.clickOnTheBookingManagementModule(ClickOnTheBookingManagementModule.java:22)
at java.base/jdk.internal.reflect.NativeMethodAccessorImpl.invoke0(Native Method)
at java.base/jdk.internal.reflect.NativeMethodAccessorImpl.invoke(NativeMethodAccessorImpl.java:62)
at java.base/jdk.internal.reflect.DelegatingMethodAccessorImpl.invoke(DelegatingMethodAccessorImpl.java:43)
at java.base/java.lang.reflect.Method.invoke(Method.java:566)
at org.testng.internal.MethodInvocationHelper.invokeMethod(MethodInvocationHelper.java:134)
at org.testng.internal.TestInvoker.invokeMethod(TestInvoker.java:597)
at org.testng.internal.TestInvoker.invokeTestMethod(TestInvoker.java:173)
at org.testng.internal.MethodRunner.runInSequence(MethodRunner.java:46)
at org.testng.internal.TestInvoker$MethodInvocationAgent.invoke(TestInvoker.java:816)
at org.testng.internal.TestInvoker.invokeTestMethods(TestInvoker.java:146)
at org.testng.internal.TestMethodWorker.invokeTestMethods(TestMethodWorker.java:146)
at org.testng.internal.TestMethodWorker.run(TestMethodWorker.java:128)
at java.base/java.util.ArrayList.forEach(ArrayList.java:1541)
at org.testng.TestRunner.privateRun(TestRunner.java:766)
at org.testng.TestRunner.run(TestRunner.java:587)
at org.testng.SuiteRunner.runTest(SuiteRunner.java:384)
at org.testng.SuiteRunner.runSequentially(SuiteRunner.java:378)
at org.testng.SuiteRunner.privateRun(SuiteRunner.java:337)
at org.testng.SuiteRunner.run(SuiteRunner.java:286)
at org.testng.SuiteRunnerWorker.runSuite(SuiteRunnerWorker.java:53)
at org.testng.SuiteRunnerWorker.run(SuiteRunnerWorker.java:96)
at org.testng.TestNG.runSuitesSequentially(TestNG.java:1187)
at org.testng.TestNG.runSuitesLocally(TestNG.java:1109)
at org.testng.TestNG.runSuites(TestNG.java:1039)
at org.testng.TestNG.run(TestNG.java:1007)
at org.apache.maven.surefire.testng.TestNGExecutor.run(TestNGExecutor.java:324)
at org.apache.maven.surefire.testng.TestNGXmlTestSuite.execute(TestNGXmlTestSuite.java:74)
at org.apache.maven.surefire.testng.TestNGProvider.invoke(TestNGProvider.java:123)
at org.apache.maven.surefire.booter.ForkedBooter.runSuitesInProcess(ForkedBooter.java:456)
at org.apache.maven.surefire.booter.ForkedBooter.execute(ForkedBooter.java:169)
at org.apache.maven.surefire.booter.ForkedBooter.run(ForkedBooter.java:595)
at org.apache.maven.surefire.booter.ForkedBooter.main(ForkedBooter.java:581)
]]>
            </full-stacktrace>
          </exception> <!-- java.lang.NullPointerException -->
          <reporter-output>
          </reporter-output>
        </test-method> <!-- clickOnTheBookingManagementModule -->
        <test-method is-config="true" signature="initializeDriver()[pri:0, instance:com.bookonelocal.tests.bookingManagement.ClickOnTheBookingManagementModule@14f9390f]" started-at="2022-11-11T10:06:03 IST" name="initializeDriver" finished-at="2022-11-11T10:06:07 IST" duration-ms="3662" status="PASS">
          <reporter-output>
          </reporter-output>
        </test-method> <!-- initializeDriver -->
        <test-method signature="clickOnTheBookingManagementModule()[pri:0, instance:com.bookonelocal.tests.bookingManagement.ClickOnTheBookingManagementModule@14f9390f]" started-at="2022-11-11T10:06:07 IST" name="clickOnTheBookingManagementModule" finished-at="2022-11-11T10:06:36 IST" duration-ms="28892" status="FAIL">
          <exception class="java.lang.NullPointerException">
            <full-stacktrace>
              <![CDATA[java.lang.NullPointerException
at org.openqa.selenium.support.ui.ExpectedConditions.elementIfVisible(ExpectedConditions.java:307)
at org.openqa.selenium.support.ui.ExpectedConditions.access$000(ExpectedConditions.java:40)
at org.openqa.selenium.support.ui.ExpectedConditions$10.apply(ExpectedConditions.java:293)
at org.openqa.selenium.support.ui.ExpectedConditions$10.apply(ExpectedConditions.java:290)
at org.openqa.selenium.support.ui.FluentWait.until(FluentWait.java:208)
at com.bookonelocal.abstractComponents.AbstractComponents.waitForWebEelementToAppear(AbstractComponents.java:47)
at com.bookonelocal.abstractComponents.AbstractComponents.clickOnWebElementUsingJavascript(AbstractComponents.java:92)
at com.bookonelocal.pageObjects.BookOneLocal_AdminDashBoard.clickOnModule(BookOneLocal_AdminDashBoard.java:59)
at com.bookonelocal.tests.bookingManagement.ClickOnTheBookingManagementModule.clickOnTheBookingManagementModule(ClickOnTheBookingManagementModule.java:22)
at java.base/jdk.internal.reflect.NativeMethodAccessorImpl.invoke0(Native Method)
at java.base/jdk.internal.reflect.NativeMethodAccessorImpl.invoke(NativeMethodAccessorImpl.java:62)
at java.base/jdk.internal.reflect.DelegatingMethodAccessorImpl.invoke(DelegatingMethodAccessorImpl.java:43)
at java.base/java.lang.reflect.Method.invoke(Method.java:566)
at org.testng.internal.MethodInvocationHelper.invokeMethod(MethodInvocationHelper.java:134)
at org.testng.internal.TestInvoker.invokeMethod(TestInvoker.java:597)
at org.testng.internal.TestInvoker.retryFailed(TestInvoker.java:213)
at org.testng.internal.MethodRunner.runInSequence(MethodRunner.java:58)
at org.testng.internal.TestInvoker$MethodInvocationAgent.invoke(TestInvoker.java:816)
at org.testng.internal.TestInvoker.invokeTestMethods(TestInvoker.java:146)
at org.testng.internal.TestMethodWorker.invokeTestMethods(TestMethodWorker.java:146)
at org.testng.internal.TestMethodWorker.run(TestMethodWorker.java:128)
at java.base/java.util.ArrayList.forEach(ArrayList.java:1541)
at org.testng.TestRunner.privateRun(TestRunner.java:766)
at org.testng.TestRunner.run(TestRunner.java:587)
at org.testng.SuiteRunner.runTest(SuiteRunner.java:384)
at org.testng.SuiteRunner.runSequentially(SuiteRunner.java:378)
at org.testng.SuiteRunner.privateRun(SuiteRunner.java:337)
at org.testng.SuiteRunner.run(SuiteRunner.java:286)
at org.testng.SuiteRunnerWorker.runSuite(SuiteRunnerWorker.java:53)
at org.testng.SuiteRunnerWorker.run(SuiteRunnerWorker.java:96)
at org.testng.TestNG.runSuitesSequentially(TestNG.java:1187)
at org.testng.TestNG.runSuitesLocally(TestNG.java:1109)
at org.testng.TestNG.runSuites(TestNG.java:1039)
at org.testng.TestNG.run(TestNG.java:1007)
at org.apache.maven.surefire.testng.TestNGExecutor.run(TestNGExecutor.java:324)
at org.apache.maven.surefire.testng.TestNGXmlTestSuite.execute(TestNGXmlTestSuite.java:74)
at org.apache.maven.surefire.testng.TestNGProvider.invoke(TestNGProvider.java:123)
at org.apache.maven.surefire.booter.ForkedBooter.runSuitesInProcess(ForkedBooter.java:456)
at org.apache.maven.surefire.booter.ForkedBooter.execute(ForkedBooter.java:169)
at org.apache.maven.surefire.booter.ForkedBooter.run(ForkedBooter.java:595)
at org.apache.maven.surefire.booter.ForkedBooter.main(ForkedBooter.java:581)
]]>
            </full-stacktrace>
          </exception> <!-- java.lang.NullPointerException -->
          <reporter-output>
          </reporter-output>
        </test-method> <!-- clickOnTheBookingManagementModule -->
      </class> <!-- com.bookonelocal.tests.bookingManagement.ClickOnTheBookingManagementModule -->
      <class name="com.bookonelocal.tests.bookingManagement.Create_A_Booking">
        <test-method is-config="true" signature="initializeDriver()[pri:0, instance:com.bookonelocal.tests.bookingManagement.Create_A_Booking@258d79be]" started-at="2022-11-11T10:04:49 IST" name="initializeDriver" finished-at="2022-11-11T10:04:55 IST" duration-ms="5429" status="PASS">
          <reporter-output>
          </reporter-output>
        </test-method> <!-- initializeDriver -->
        <test-method signature="createSimpleBooking(java.util.HashMap)[pri:0, instance:com.bookonelocal.tests.bookingManagement.Create_A_Booking@258d79be]" started-at="2022-11-11T10:04:55 IST" name="createSimpleBooking" data-provider="getData" finished-at="2022-11-11T10:05:41 IST" duration-ms="45981" status="PASS">
          <params>
            <param index="0">
              <value>
                <![CDATA[{lastName=nanda, numberOfPerson=1, roomTypeName=Single Room, planName=Single Room, numberOfRooms=1, sourceOfBooking=Walk in, searchOptionName=phone, operatorName=satyajit, arrivalDate=9/11/2022, counterName=Counter 1, firstName=satyajit, phoneNumber=7326954153, roomNumbers=101,102, departureDate=10/11/2022, email=satyajitkumar852@gmail.com}]]>
              </value>
            </param>
          </params>
          <reporter-output>
          </reporter-output>
        </test-method> <!-- createSimpleBooking -->
      </class> <!-- com.bookonelocal.tests.bookingManagement.Create_A_Booking -->
      <class name="com.bookonelocal.tests.bookingManagement.Click_On_The_NewBookingButton">
        <test-method is-config="true" signature="initializeDriver()[pri:0, instance:com.bookonelocal.tests.bookingManagement.Click_On_The_NewBookingButton@6c0d7c83]" started-at="2022-11-11T10:06:36 IST" name="initializeDriver" finished-at="2022-11-11T10:06:40 IST" duration-ms="3572" status="PASS">
          <reporter-output>
          </reporter-output>
        </test-method> <!-- initializeDriver -->
        <test-method retried="true" signature="clickOnTheNewBookingButton()[pri:0, instance:com.bookonelocal.tests.bookingManagement.Click_On_The_NewBookingButton@6c0d7c83]" started-at="2022-11-11T10:06:40 IST" name="clickOnTheNewBookingButton" finished-at="2022-11-11T10:07:04 IST" duration-ms="24069" status="SKIP">
          <exception class="org.openqa.selenium.ElementClickInterceptedException">
            <message>
              <![CDATA[element click intercepted: Element <button _ngcontent-uqr-c429="" mat-raised-button="" color="primary" class="mat-focus-indicator m-1 mat-raised-button mat-button-base mat-primary" ng-reflect-color="primary">...</button> is not clickable at point (1096, 113). Other element would receive the click: <div class="cdk-overlay-backdrop light-backdrop cdk-overlay-backdrop-showing"></div>
  (Session info: chrome=107.0.5304.107)
Build info: version: '4.1.2', revision: '9a5a329c5a'
System info: host: 'DESKTOP-HTHUA0V', ip: '192.168.29.89', os.name: 'Windows 10', os.arch: 'amd64', os.version: '10.0', java.version: '11.0.16.1'
Driver info: org.openqa.selenium.chrome.ChromeDriver
Command: [4133a37742ca9ab92dec5c184d3c617d, clickElement {id=76b6e674-9593-4417-a5c8-ac40c130929c}]
Capabilities {acceptInsecureCerts: true, browserName: chrome, browserVersion: 107.0.5304.107, chrome: {chromedriverVersion: 107.0.5304.62 (1eec40d3a576..., userDataDir: C:\Users\Lenovo\AppData\Loc...}, goog:chromeOptions: {debuggerAddress: localhost:50693}, javascriptEnabled: true, networkConnectionEnabled: false, pageLoadStrategy: normal, platform: WINDOWS, platformName: WINDOWS, proxy: Proxy(), se:cdp: ws://localhost:50693/devtoo..., se:cdpVersion: 107.0.5304.107, setWindowRect: true, strictFileInteractability: false, timeouts: {implicit: 0, pageLoad: 300000, script: 30000}, unhandledPromptBehavior: dismiss and notify, webauthn:extension:credBlob: true, webauthn:extension:largeBlob: true, webauthn:virtualAuthenticators: true}
Element: [[ChromeDriver: chrome on WINDOWS (4133a37742ca9ab92dec5c184d3c617d)] -> xpath: (//button[contains(@class,'m-1')])[3]]
Session ID: 4133a37742ca9ab92dec5c184d3c617d]]>
            </message>
            <full-stacktrace>
              <![CDATA[org.openqa.selenium.ElementClickInterceptedException: element click intercepted: Element <button _ngcontent-uqr-c429="" mat-raised-button="" color="primary" class="mat-focus-indicator m-1 mat-raised-button mat-button-base mat-primary" ng-reflect-color="primary">...</button> is not clickable at point (1096, 113). Other element would receive the click: <div class="cdk-overlay-backdrop light-backdrop cdk-overlay-backdrop-showing"></div>
  (Session info: chrome=107.0.5304.107)
Build info: version: '4.1.2', revision: '9a5a329c5a'
System info: host: 'DESKTOP-HTHUA0V', ip: '192.168.29.89', os.name: 'Windows 10', os.arch: 'amd64', os.version: '10.0', java.version: '11.0.16.1'
Driver info: org.openqa.selenium.chrome.ChromeDriver
Command: [4133a37742ca9ab92dec5c184d3c617d, clickElement {id=76b6e674-9593-4417-a5c8-ac40c130929c}]
Capabilities {acceptInsecureCerts: true, browserName: chrome, browserVersion: 107.0.5304.107, chrome: {chromedriverVersion: 107.0.5304.62 (1eec40d3a576..., userDataDir: C:\Users\Lenovo\AppData\Loc...}, goog:chromeOptions: {debuggerAddress: localhost:50693}, javascriptEnabled: true, networkConnectionEnabled: false, pageLoadStrategy: normal, platform: WINDOWS, platformName: WINDOWS, proxy: Proxy(), se:cdp: ws://localhost:50693/devtoo..., se:cdpVersion: 107.0.5304.107, setWindowRect: true, strictFileInteractability: false, timeouts: {implicit: 0, pageLoad: 300000, script: 30000}, unhandledPromptBehavior: dismiss and notify, webauthn:extension:credBlob: true, webauthn:extension:largeBlob: true, webauthn:virtualAuthenticators: true}
Element: [[ChromeDriver: chrome on WINDOWS (4133a37742ca9ab92dec5c184d3c617d)] -> xpath: (//button[contains(@class,'m-1')])[3]]
Session ID: 4133a37742ca9ab92dec5c184d3c617d
at java.base/jdk.internal.reflect.NativeConstructorAccessorImpl.newInstance0(Native Method)
at java.base/jdk.internal.reflect.NativeConstructorAccessorImpl.newInstance(NativeConstructorAccessorImpl.java:62)
at java.base/jdk.internal.reflect.DelegatingConstructorAccessorImpl.newInstance(DelegatingConstructorAccessorImpl.java:45)
at java.base/java.lang.reflect.Constructor.newInstance(Constructor.java:490)
at org.openqa.selenium.remote.codec.w3c.W3CHttpResponseCodec.createException(W3CHttpResponseCodec.java:200)
at org.openqa.selenium.remote.codec.w3c.W3CHttpResponseCodec.decode(W3CHttpResponseCodec.java:133)
at org.openqa.selenium.remote.codec.w3c.W3CHttpResponseCodec.decode(W3CHttpResponseCodec.java:53)
at org.openqa.selenium.remote.HttpCommandExecutor.execute(HttpCommandExecutor.java:184)
at org.openqa.selenium.remote.service.DriverCommandExecutor.invokeExecute(DriverCommandExecutor.java:167)
at org.openqa.selenium.remote.service.DriverCommandExecutor.execute(DriverCommandExecutor.java:142)
at org.openqa.selenium.remote.RemoteWebDriver.execute(RemoteWebDriver.java:558)
at org.openqa.selenium.remote.RemoteWebElement.execute(RemoteWebElement.java:251)
at org.openqa.selenium.remote.RemoteWebElement.click(RemoteWebElement.java:77)
at jdk.internal.reflect.GeneratedMethodAccessor4.invoke(Unknown Source)
at java.base/jdk.internal.reflect.DelegatingMethodAccessorImpl.invoke(DelegatingMethodAccessorImpl.java:43)
at java.base/java.lang.reflect.Method.invoke(Method.java:566)
at org.openqa.selenium.support.pagefactory.internal.LocatingElementHandler.invoke(LocatingElementHandler.java:52)
at com.sun.proxy.$Proxy14.click(Unknown Source)
at com.bookonelocal.pageObjects.BookOneLocal_AdminDashBoard.clickOnTheNewBookingButton(BookOneLocal_AdminDashBoard.java:35)
at com.bookonelocal.tests.bookingManagement.Click_On_The_NewBookingButton.clickOnTheNewBookingButton(Click_On_The_NewBookingButton.java:23)
at java.base/jdk.internal.reflect.NativeMethodAccessorImpl.invoke0(Native Method)
at java.base/jdk.internal.reflect.NativeMethodAccessorImpl.invoke(NativeMethodAccessorImpl.java:62)
at java.base/jdk.internal.reflect.DelegatingMethodAccessorImpl.invoke(DelegatingMethodAccessorImpl.java:43)
at java.base/java.lang.reflect.Method.invoke(Method.java:566)
at org.testng.internal.MethodInvocationHelper.invokeMethod(MethodInvocationHelper.java:134)
at org.testng.internal.TestInvoker.invokeMethod(TestInvoker.java:597)
at org.testng.internal.TestInvoker.invokeTestMethod(TestInvoker.java:173)
at org.testng.internal.MethodRunner.runInSequence(MethodRunner.java:46)
at org.testng.internal.TestInvoker$MethodInvocationAgent.invoke(TestInvoker.java:816)
at org.testng.internal.TestInvoker.invokeTestMethods(TestInvoker.java:146)
at org.testng.internal.TestMethodWorker.invokeTestMethods(TestMethodWorker.java:146)
at org.testng.internal.TestMethodWorker.run(TestMethodWorker.java:128)
at java.base/java.util.ArrayList.forEach(ArrayList.java:1541)
at org.testng.TestRunner.privateRun(TestRunner.java:766)
at org.testng.TestRunner.run(TestRunner.java:587)
at org.testng.SuiteRunner.runTest(SuiteRunner.java:384)
at org.testng.SuiteRunner.runSequentially(SuiteRunner.java:378)
at org.testng.SuiteRunner.privateRun(SuiteRunner.java:337)
at org.testng.SuiteRunner.run(SuiteRunner.java:286)
at org.testng.SuiteRunnerWorker.runSuite(SuiteRunnerWorker.java:53)
at org.testng.SuiteRunnerWorker.run(SuiteRunnerWorker.java:96)
at org.testng.TestNG.runSuitesSequentially(TestNG.java:1187)
at org.testng.TestNG.runSuitesLocally(TestNG.java:1109)
at org.testng.TestNG.runSuites(TestNG.java:1039)
at org.testng.TestNG.run(TestNG.java:1007)
at org.apache.maven.surefire.testng.TestNGExecutor.run(TestNGExecutor.java:324)
at org.apache.maven.surefire.testng.TestNGXmlTestSuite.execute(TestNGXmlTestSuite.java:74)
at org.apache.maven.surefire.testng.TestNGProvider.invoke(TestNGProvider.java:123)
at org.apache.maven.surefire.booter.ForkedBooter.runSuitesInProcess(ForkedBooter.java:456)
at org.apache.maven.surefire.booter.ForkedBooter.execute(ForkedBooter.java:169)
at org.apache.maven.surefire.booter.ForkedBooter.run(ForkedBooter.java:595)
at org.apache.maven.surefire.booter.ForkedBooter.main(ForkedBooter.java:581)
]]>
            </full-stacktrace>
          </exception> <!-- org.openqa.selenium.ElementClickInterceptedException -->
          <reporter-output>
          </reporter-output>
        </test-method> <!-- clickOnTheNewBookingButton -->
        <test-method is-config="true" signature="initializeDriver()[pri:0, instance:com.bookonelocal.tests.bookingManagement.Click_On_The_NewBookingButton@6c0d7c83]" started-at="2022-11-11T10:07:04 IST" name="initializeDriver" finished-at="2022-11-11T10:07:08 IST" duration-ms="4035" status="PASS">
          <reporter-output>
          </reporter-output>
        </test-method> <!-- initializeDriver -->
        <test-method signature="clickOnTheNewBookingButton()[pri:0, instance:com.bookonelocal.tests.bookingManagement.Click_On_The_NewBookingButton@6c0d7c83]" started-at="2022-11-11T10:07:08 IST" name="clickOnTheNewBookingButton" finished-at="2022-11-11T10:07:32 IST" duration-ms="23910" status="PASS">
          <reporter-output>
          </reporter-output>
        </test-method> <!-- clickOnTheNewBookingButton -->
      </class> <!-- com.bookonelocal.tests.bookingManagement.Click_On_The_NewBookingButton -->
    </test> <!-- Test -->
  </suite> <!-- Suite -->
</testng-results>
